
=======================================================================
SWITCH model created in 0.02 s.
Arguments:
verbose=True, outputs_dir='outputs', logs_dir='logs', solver='cplex', inputs_dir='inputs', solver_manager='serial', debug=True, log_run_to_file=True, suffixes=['rc', 'dual', 'slack']
Modules:
switch_model, switch_model.timescales, switch_model.financials, switch_model.balancing.load_zones, switch_model.energy_sources.properties, switch_model.generators.core.build, switch_model.generators.core.dispatch, switch_model.reporting, switch_model.transmission.local_td, switch_model.generators.core.no_commit, switch_model.energy_sources.fuel_costs.markets, switch_model.transmission.transport.build, switch_model.transmission.transport.dispatch, switch_model.solve
=======================================================================

Loading inputs...
Inputs loaded in 0.09 s.


Solving model...
Solved model. Total time spent in solver: 0.121000 s.
Model was infeasible; if the solver can generate an irreducible infeasible set,
more information may be available by calling this script with --suffixes iis ...
> d:\switch_rael\switch\switch_model\solve.py(591)solve()
-> raise RuntimeError("Infeasible model")
(Pdb) *** NameError: name 'm' is not defined
(Pdb) 
Documented commands (type help <topic>):
========================================
EOF    bt         cont      enable  jump  pp       run      unt   
a      c          continue  exit    l     q        s        until 
alias  cl         d         h       list  quit     step     up    
args   clear      debug     help    n     r        tbreak   w     
b      commands   disable   ignore  next  restart  u        whatis
break  condition  down      j       p     return   unalias  where 

Miscellaneous help topics:
==========================
exec  pdb

Undocumented commands:
======================
retval  rv

(Pdb)   d:\miniconda\envs\switch3\scripts\switch-script.py(11)<module>()
-> load_entry_point('switch-model', 'console_scripts', 'switch')()
  d:\switch_rael\switch\switch_model\main.py(40)main()
-> main()
  d:\switch_rael\switch\switch_model\solve.py(140)main()
-> results = solve(instance)
> d:\switch_rael\switch\switch_model\solve.py(591)solve()
-> raise RuntimeError("Infeasible model")
(Pdb)   d:\miniconda\envs\switch3\scripts\switch-script.py(11)<module>()
-> load_entry_point('switch-model', 'console_scripts', 'switch')()
  d:\switch_rael\switch\switch_model\main.py(40)main()
-> main()
  d:\switch_rael\switch\switch_model\solve.py(140)main()
-> results = solve(instance)
> d:\switch_rael\switch\switch_model\solve.py(591)solve()
-> raise RuntimeError("Infeasible model")
(Pdb)   d:\miniconda\envs\switch3\scripts\switch-script.py(11)<module>()
-> load_entry_point('switch-model', 'console_scripts', 'switch')()
  d:\switch_rael\switch\switch_model\main.py(40)main()
-> main()
  d:\switch_rael\switch\switch_model\solve.py(140)main()
-> results = solve(instance)
> d:\switch_rael\switch\switch_model\solve.py(591)solve()
-> raise RuntimeError("Infeasible model")
(Pdb) 
